[0.191s] DEBUG:colcon:Command line arguments: ['/usr/bin/colcon', 'build']
[0.191s] DEBUG:colcon:Parsed command line arguments: Namespace(ament_cmake_args=None, base_paths=['.'], build_base='build', catkin_cmake_args=None, catkin_skip_building_tests=False, cmake_args=None, cmake_clean_cache=False, cmake_clean_first=False, cmake_force_configure=False, cmake_target=None, cmake_target_skip_unavailable=False, continue_on_error=False, event_handlers=None, executor='parallel', ignore_user_meta=False, install_base='install', log_base=None, log_level=None, main=<bound method BuildVerb.main of <colcon_core.verb.build.BuildVerb object at 0x7fb2f9c43400>>, merge_install=False, metas=['./colcon.meta'], mixin=None, mixin_files=None, mixin_verb=('build',), packages_above=None, packages_above_and_dependencies=None, packages_above_depth=None, packages_end=None, packages_ignore=None, packages_ignore_regex=None, packages_select=None, packages_select_build_failed=False, packages_select_by_dep=None, packages_select_regex=None, packages_select_test_failures=False, packages_skip=None, packages_skip_build_finished=False, packages_skip_by_dep=None, packages_skip_regex=None, packages_skip_test_passed=False, packages_skip_up_to=None, packages_start=None, packages_up_to=None, packages_up_to_regex=None, parallel_workers=16, paths=None, symlink_install=False, test_result_base=None, verb_extension=<colcon_core.verb.build.BuildVerb object at 0x7fb2f9c43400>, verb_name='build', verb_parser=<colcon_mixin.mixin.mixin_argument.MixinArgumentDecorator object at 0x7fb2f9c43a60>)
[0.210s] Level 1:colcon.colcon_core.package_discovery:discover_packages(colcon_meta) check parameters
[0.210s] INFO:colcon.colcon_metadata.package_discovery.colcon_meta:Using configuration from '/root/.colcon/metadata/default/Gazebo.meta'
[0.211s] INFO:colcon.colcon_metadata.package_discovery.colcon_meta:Using configuration from '/root/.colcon/metadata/default/fastrtps.meta'
[0.211s] Level 1:colcon.colcon_core.package_discovery:discover_packages(recursive) check parameters
[0.211s] Level 1:colcon.colcon_core.package_discovery:discover_packages(ignore) check parameters
[0.211s] Level 1:colcon.colcon_core.package_discovery:discover_packages(path) check parameters
[0.211s] Level 1:colcon.colcon_core.package_discovery:discover_packages(colcon_meta) discover
[0.211s] Level 1:colcon.colcon_core.package_discovery:discover_packages(recursive) discover
[0.211s] INFO:colcon.colcon_core.package_discovery:Crawling recursively for packages in '/Git/AGV-F1Tenth-Controls'
[0.211s] Level 1:colcon.colcon_core.package_identification:_identify(.) by extensions ['ignore', 'ignore_ament_install']
[0.211s] Level 1:colcon.colcon_core.package_identification:_identify(.) by extension 'ignore'
[0.211s] Level 1:colcon.colcon_core.package_identification:_identify(.) by extension 'ignore_ament_install'
[0.211s] Level 1:colcon.colcon_core.package_identification:_identify(.) by extensions ['colcon_pkg']
[0.211s] Level 1:colcon.colcon_core.package_identification:_identify(.) by extension 'colcon_pkg'
[0.211s] Level 1:colcon.colcon_core.package_identification:_identify(.) by extensions ['colcon_meta']
[0.211s] Level 1:colcon.colcon_core.package_identification:_identify(.) by extension 'colcon_meta'
[0.211s] Level 1:colcon.colcon_core.package_identification:_identify(.) by extensions ['ros']
[0.211s] Level 1:colcon.colcon_core.package_identification:_identify(.) by extension 'ros'
[0.220s] Level 1:colcon.colcon_core.package_identification:_identify(.) by extensions ['cmake', 'python']
[0.220s] Level 1:colcon.colcon_core.package_identification:_identify(.) by extension 'cmake'
[0.220s] Level 1:colcon.colcon_core.package_identification:_identify(.) by extension 'python'
[0.220s] Level 1:colcon.colcon_core.package_identification:_identify(.) by extensions ['python_setup_py']
[0.220s] Level 1:colcon.colcon_core.package_identification:_identify(.) by extension 'python_setup_py'
[0.220s] Level 1:colcon.colcon_core.package_identification:_identify(Pure_Pursuit) by extensions ['ignore', 'ignore_ament_install']
[0.220s] Level 1:colcon.colcon_core.package_identification:_identify(Pure_Pursuit) by extension 'ignore'
[0.220s] Level 1:colcon.colcon_core.package_identification:_identify(Pure_Pursuit) by extension 'ignore_ament_install'
[0.220s] Level 1:colcon.colcon_core.package_identification:_identify(Pure_Pursuit) by extensions ['colcon_pkg']
[0.220s] Level 1:colcon.colcon_core.package_identification:_identify(Pure_Pursuit) by extension 'colcon_pkg'
[0.220s] Level 1:colcon.colcon_core.package_identification:_identify(Pure_Pursuit) by extensions ['colcon_meta']
[0.220s] Level 1:colcon.colcon_core.package_identification:_identify(Pure_Pursuit) by extension 'colcon_meta'
[0.220s] Level 1:colcon.colcon_core.package_identification:_identify(Pure_Pursuit) by extensions ['ros']
[0.220s] Level 1:colcon.colcon_core.package_identification:_identify(Pure_Pursuit) by extension 'ros'
[0.220s] Level 1:colcon.colcon_core.package_identification:_identify(Pure_Pursuit) by extensions ['cmake', 'python']
[0.220s] Level 1:colcon.colcon_core.package_identification:_identify(Pure_Pursuit) by extension 'cmake'
[0.220s] Level 1:colcon.colcon_core.package_identification:_identify(Pure_Pursuit) by extension 'python'
[0.220s] Level 1:colcon.colcon_core.package_identification:_identify(Pure_Pursuit) by extensions ['python_setup_py']
[0.220s] Level 1:colcon.colcon_core.package_identification:_identify(Pure_Pursuit) by extension 'python_setup_py'
[0.220s] Level 1:colcon.colcon_core.package_identification:_identify(Pure_Pursuit/PP_Group_1) by extensions ['ignore', 'ignore_ament_install']
[0.220s] Level 1:colcon.colcon_core.package_identification:_identify(Pure_Pursuit/PP_Group_1) by extension 'ignore'
[0.220s] Level 1:colcon.colcon_core.package_identification:_identify(Pure_Pursuit/PP_Group_1) by extension 'ignore_ament_install'
[0.220s] Level 1:colcon.colcon_core.package_identification:_identify(Pure_Pursuit/PP_Group_1) by extensions ['colcon_pkg']
[0.220s] Level 1:colcon.colcon_core.package_identification:_identify(Pure_Pursuit/PP_Group_1) by extension 'colcon_pkg'
[0.220s] Level 1:colcon.colcon_core.package_identification:_identify(Pure_Pursuit/PP_Group_1) by extensions ['colcon_meta']
[0.220s] Level 1:colcon.colcon_core.package_identification:_identify(Pure_Pursuit/PP_Group_1) by extension 'colcon_meta'
[0.220s] Level 1:colcon.colcon_core.package_identification:_identify(Pure_Pursuit/PP_Group_1) by extensions ['ros']
[0.220s] Level 1:colcon.colcon_core.package_identification:_identify(Pure_Pursuit/PP_Group_1) by extension 'ros'
[0.221s] Level 1:colcon.colcon_core.package_identification:_identify(Pure_Pursuit/PP_Group_1) by extensions ['cmake', 'python']
[0.221s] Level 1:colcon.colcon_core.package_identification:_identify(Pure_Pursuit/PP_Group_1) by extension 'cmake'
[0.221s] Level 1:colcon.colcon_core.package_identification:_identify(Pure_Pursuit/PP_Group_1) by extension 'python'
[0.221s] Level 1:colcon.colcon_core.package_identification:_identify(Pure_Pursuit/PP_Group_1) by extensions ['python_setup_py']
[0.221s] Level 1:colcon.colcon_core.package_identification:_identify(Pure_Pursuit/PP_Group_1) by extension 'python_setup_py'
[0.221s] Level 1:colcon.colcon_core.package_identification:_identify(Pure_Pursuit/PP_Group_1/f1tenth_lab6_template) by extensions ['ignore', 'ignore_ament_install']
[0.221s] Level 1:colcon.colcon_core.package_identification:_identify(Pure_Pursuit/PP_Group_1/f1tenth_lab6_template) by extension 'ignore'
[0.221s] Level 1:colcon.colcon_core.package_identification:_identify(Pure_Pursuit/PP_Group_1/f1tenth_lab6_template) by extension 'ignore_ament_install'
[0.221s] Level 1:colcon.colcon_core.package_identification:_identify(Pure_Pursuit/PP_Group_1/f1tenth_lab6_template) by extensions ['colcon_pkg']
[0.221s] Level 1:colcon.colcon_core.package_identification:_identify(Pure_Pursuit/PP_Group_1/f1tenth_lab6_template) by extension 'colcon_pkg'
[0.221s] Level 1:colcon.colcon_core.package_identification:_identify(Pure_Pursuit/PP_Group_1/f1tenth_lab6_template) by extensions ['colcon_meta']
[0.221s] Level 1:colcon.colcon_core.package_identification:_identify(Pure_Pursuit/PP_Group_1/f1tenth_lab6_template) by extension 'colcon_meta'
[0.221s] Level 1:colcon.colcon_core.package_identification:_identify(Pure_Pursuit/PP_Group_1/f1tenth_lab6_template) by extensions ['ros']
[0.221s] Level 1:colcon.colcon_core.package_identification:_identify(Pure_Pursuit/PP_Group_1/f1tenth_lab6_template) by extension 'ros'
[0.221s] Level 1:colcon.colcon_core.package_identification:_identify(Pure_Pursuit/PP_Group_1/f1tenth_lab6_template) by extensions ['cmake', 'python']
[0.221s] Level 1:colcon.colcon_core.package_identification:_identify(Pure_Pursuit/PP_Group_1/f1tenth_lab6_template) by extension 'cmake'
[0.221s] Level 1:colcon.colcon_core.package_identification:_identify(Pure_Pursuit/PP_Group_1/f1tenth_lab6_template) by extension 'python'
[0.221s] Level 1:colcon.colcon_core.package_identification:_identify(Pure_Pursuit/PP_Group_1/f1tenth_lab6_template) by extensions ['python_setup_py']
[0.221s] Level 1:colcon.colcon_core.package_identification:_identify(Pure_Pursuit/PP_Group_1/f1tenth_lab6_template) by extension 'python_setup_py'
[0.221s] Level 1:colcon.colcon_core.package_identification:_identify(Pure_Pursuit/PP_Group_1/f1tenth_lab6_template/pure_pursuit) by extensions ['ignore', 'ignore_ament_install']
[0.221s] Level 1:colcon.colcon_core.package_identification:_identify(Pure_Pursuit/PP_Group_1/f1tenth_lab6_template/pure_pursuit) by extension 'ignore'
[0.221s] Level 1:colcon.colcon_core.package_identification:_identify(Pure_Pursuit/PP_Group_1/f1tenth_lab6_template/pure_pursuit) by extension 'ignore_ament_install'
[0.221s] Level 1:colcon.colcon_core.package_identification:_identify(Pure_Pursuit/PP_Group_1/f1tenth_lab6_template/pure_pursuit) by extensions ['colcon_pkg']
[0.221s] Level 1:colcon.colcon_core.package_identification:_identify(Pure_Pursuit/PP_Group_1/f1tenth_lab6_template/pure_pursuit) by extension 'colcon_pkg'
[0.221s] Level 1:colcon.colcon_core.package_identification:_identify(Pure_Pursuit/PP_Group_1/f1tenth_lab6_template/pure_pursuit) by extensions ['colcon_meta']
[0.221s] Level 1:colcon.colcon_core.package_identification:_identify(Pure_Pursuit/PP_Group_1/f1tenth_lab6_template/pure_pursuit) by extension 'colcon_meta'
[0.221s] Level 1:colcon.colcon_core.package_identification:_identify(Pure_Pursuit/PP_Group_1/f1tenth_lab6_template/pure_pursuit) by extensions ['ros']
[0.221s] Level 1:colcon.colcon_core.package_identification:_identify(Pure_Pursuit/PP_Group_1/f1tenth_lab6_template/pure_pursuit) by extension 'ros'
[0.231s] DEBUG:colcon.colcon_core.package_identification:Package 'Pure_Pursuit/PP_Group_1/f1tenth_lab6_template/pure_pursuit' with type 'ros.ament_cmake' and name 'pure_pursuit'
[0.231s] Level 1:colcon.colcon_core.package_identification:_identify(Pure_Pursuit/PP_Group_2) by extensions ['ignore', 'ignore_ament_install']
[0.231s] Level 1:colcon.colcon_core.package_identification:_identify(Pure_Pursuit/PP_Group_2) by extension 'ignore'
[0.231s] Level 1:colcon.colcon_core.package_identification:_identify(Pure_Pursuit/PP_Group_2) by extension 'ignore_ament_install'
[0.231s] Level 1:colcon.colcon_core.package_identification:_identify(Pure_Pursuit/PP_Group_2) by extensions ['colcon_pkg']
[0.231s] Level 1:colcon.colcon_core.package_identification:_identify(Pure_Pursuit/PP_Group_2) by extension 'colcon_pkg'
[0.231s] Level 1:colcon.colcon_core.package_identification:_identify(Pure_Pursuit/PP_Group_2) by extensions ['colcon_meta']
[0.231s] Level 1:colcon.colcon_core.package_identification:_identify(Pure_Pursuit/PP_Group_2) by extension 'colcon_meta'
[0.232s] Level 1:colcon.colcon_core.package_identification:_identify(Pure_Pursuit/PP_Group_2) by extensions ['ros']
[0.232s] Level 1:colcon.colcon_core.package_identification:_identify(Pure_Pursuit/PP_Group_2) by extension 'ros'
[0.232s] Level 1:colcon.colcon_core.package_identification:_identify(Pure_Pursuit/PP_Group_2) by extensions ['cmake', 'python']
[0.232s] Level 1:colcon.colcon_core.package_identification:_identify(Pure_Pursuit/PP_Group_2) by extension 'cmake'
[0.232s] Level 1:colcon.colcon_core.package_identification:_identify(Pure_Pursuit/PP_Group_2) by extension 'python'
[0.232s] Level 1:colcon.colcon_core.package_identification:_identify(Pure_Pursuit/PP_Group_2) by extensions ['python_setup_py']
[0.232s] Level 1:colcon.colcon_core.package_identification:_identify(Pure_Pursuit/PP_Group_2) by extension 'python_setup_py'
[0.232s] Level 1:colcon.colcon_core.package_identification:_identify(Pure_Pursuit/PP_Group_2/pure_pursuit) by extensions ['ignore', 'ignore_ament_install']
[0.232s] Level 1:colcon.colcon_core.package_identification:_identify(Pure_Pursuit/PP_Group_2/pure_pursuit) by extension 'ignore'
[0.232s] Level 1:colcon.colcon_core.package_identification:_identify(Pure_Pursuit/PP_Group_2/pure_pursuit) by extension 'ignore_ament_install'
[0.232s] Level 1:colcon.colcon_core.package_identification:_identify(Pure_Pursuit/PP_Group_2/pure_pursuit) by extensions ['colcon_pkg']
[0.232s] Level 1:colcon.colcon_core.package_identification:_identify(Pure_Pursuit/PP_Group_2/pure_pursuit) by extension 'colcon_pkg'
[0.232s] Level 1:colcon.colcon_core.package_identification:_identify(Pure_Pursuit/PP_Group_2/pure_pursuit) by extensions ['colcon_meta']
[0.232s] Level 1:colcon.colcon_core.package_identification:_identify(Pure_Pursuit/PP_Group_2/pure_pursuit) by extension 'colcon_meta'
[0.232s] Level 1:colcon.colcon_core.package_identification:_identify(Pure_Pursuit/PP_Group_2/pure_pursuit) by extensions ['ros']
[0.232s] Level 1:colcon.colcon_core.package_identification:_identify(Pure_Pursuit/PP_Group_2/pure_pursuit) by extension 'ros'
[0.233s] DEBUG:colcon.colcon_core.package_identification:Package 'Pure_Pursuit/PP_Group_2/pure_pursuit' with type 'ros.ament_cmake' and name 'pure_pursuit'
[0.233s] Level 1:colcon.colcon_core.package_identification:_identify(Pure_Pursuit/PP_Group_3) by extensions ['ignore', 'ignore_ament_install']
[0.233s] Level 1:colcon.colcon_core.package_identification:_identify(Pure_Pursuit/PP_Group_3) by extension 'ignore'
[0.233s] Level 1:colcon.colcon_core.package_identification:_identify(Pure_Pursuit/PP_Group_3) by extension 'ignore_ament_install'
[0.233s] Level 1:colcon.colcon_core.package_identification:_identify(Pure_Pursuit/PP_Group_3) by extensions ['colcon_pkg']
[0.233s] Level 1:colcon.colcon_core.package_identification:_identify(Pure_Pursuit/PP_Group_3) by extension 'colcon_pkg'
[0.233s] Level 1:colcon.colcon_core.package_identification:_identify(Pure_Pursuit/PP_Group_3) by extensions ['colcon_meta']
[0.233s] Level 1:colcon.colcon_core.package_identification:_identify(Pure_Pursuit/PP_Group_3) by extension 'colcon_meta'
[0.233s] Level 1:colcon.colcon_core.package_identification:_identify(Pure_Pursuit/PP_Group_3) by extensions ['ros']
[0.233s] Level 1:colcon.colcon_core.package_identification:_identify(Pure_Pursuit/PP_Group_3) by extension 'ros'
[0.234s] Level 1:colcon.colcon_core.package_identification:_identify(Pure_Pursuit/PP_Group_3) by extensions ['cmake', 'python']
[0.234s] Level 1:colcon.colcon_core.package_identification:_identify(Pure_Pursuit/PP_Group_3) by extension 'cmake'
[0.234s] Level 1:colcon.colcon_core.package_identification:_identify(Pure_Pursuit/PP_Group_3) by extension 'python'
[0.234s] Level 1:colcon.colcon_core.package_identification:_identify(Pure_Pursuit/PP_Group_3) by extensions ['python_setup_py']
[0.234s] Level 1:colcon.colcon_core.package_identification:_identify(Pure_Pursuit/PP_Group_3) by extension 'python_setup_py'
[0.234s] Level 1:colcon.colcon_core.package_identification:_identify(Pure_Pursuit/PP_Group_3/pure_pursuit) by extensions ['ignore', 'ignore_ament_install']
[0.234s] Level 1:colcon.colcon_core.package_identification:_identify(Pure_Pursuit/PP_Group_3/pure_pursuit) by extension 'ignore'
[0.234s] Level 1:colcon.colcon_core.package_identification:_identify(Pure_Pursuit/PP_Group_3/pure_pursuit) by extension 'ignore_ament_install'
[0.234s] Level 1:colcon.colcon_core.package_identification:_identify(Pure_Pursuit/PP_Group_3/pure_pursuit) by extensions ['colcon_pkg']
[0.234s] Level 1:colcon.colcon_core.package_identification:_identify(Pure_Pursuit/PP_Group_3/pure_pursuit) by extension 'colcon_pkg'
[0.234s] Level 1:colcon.colcon_core.package_identification:_identify(Pure_Pursuit/PP_Group_3/pure_pursuit) by extensions ['colcon_meta']
[0.234s] Level 1:colcon.colcon_core.package_identification:_identify(Pure_Pursuit/PP_Group_3/pure_pursuit) by extension 'colcon_meta'
[0.234s] Level 1:colcon.colcon_core.package_identification:_identify(Pure_Pursuit/PP_Group_3/pure_pursuit) by extensions ['ros']
[0.234s] Level 1:colcon.colcon_core.package_identification:_identify(Pure_Pursuit/PP_Group_3/pure_pursuit) by extension 'ros'
[0.235s] DEBUG:colcon.colcon_core.package_identification:Package 'Pure_Pursuit/PP_Group_3/pure_pursuit' with type 'ros.ament_cmake' and name 'pure_pursuit'
[0.235s] Level 1:colcon.colcon_core.package_identification:_identify(Stanley) by extensions ['ignore', 'ignore_ament_install']
[0.235s] Level 1:colcon.colcon_core.package_identification:_identify(Stanley) by extension 'ignore'
[0.235s] Level 1:colcon.colcon_core.package_identification:_identify(Stanley) by extension 'ignore_ament_install'
[0.235s] Level 1:colcon.colcon_core.package_identification:_identify(Stanley) by extensions ['colcon_pkg']
[0.235s] Level 1:colcon.colcon_core.package_identification:_identify(Stanley) by extension 'colcon_pkg'
[0.235s] Level 1:colcon.colcon_core.package_identification:_identify(Stanley) by extensions ['colcon_meta']
[0.235s] Level 1:colcon.colcon_core.package_identification:_identify(Stanley) by extension 'colcon_meta'
[0.235s] Level 1:colcon.colcon_core.package_identification:_identify(Stanley) by extensions ['ros']
[0.235s] Level 1:colcon.colcon_core.package_identification:_identify(Stanley) by extension 'ros'
[0.235s] Level 1:colcon.colcon_core.package_identification:_identify(Stanley) by extensions ['cmake', 'python']
[0.236s] Level 1:colcon.colcon_core.package_identification:_identify(Stanley) by extension 'cmake'
[0.236s] Level 1:colcon.colcon_core.package_identification:_identify(Stanley) by extension 'python'
[0.236s] Level 1:colcon.colcon_core.package_identification:_identify(Stanley) by extensions ['python_setup_py']
[0.236s] Level 1:colcon.colcon_core.package_identification:_identify(Stanley) by extension 'python_setup_py'
[0.236s] Level 1:colcon.colcon_core.package_identification:_identify(Stanley/St_Group_1) by extensions ['ignore', 'ignore_ament_install']
[0.236s] Level 1:colcon.colcon_core.package_identification:_identify(Stanley/St_Group_1) by extension 'ignore'
[0.236s] Level 1:colcon.colcon_core.package_identification:_identify(Stanley/St_Group_1) by extension 'ignore_ament_install'
[0.236s] Level 1:colcon.colcon_core.package_identification:_identify(Stanley/St_Group_1) by extensions ['colcon_pkg']
[0.236s] Level 1:colcon.colcon_core.package_identification:_identify(Stanley/St_Group_1) by extension 'colcon_pkg'
[0.236s] Level 1:colcon.colcon_core.package_identification:_identify(Stanley/St_Group_1) by extensions ['colcon_meta']
[0.236s] Level 1:colcon.colcon_core.package_identification:_identify(Stanley/St_Group_1) by extension 'colcon_meta'
[0.236s] Level 1:colcon.colcon_core.package_identification:_identify(Stanley/St_Group_1) by extensions ['ros']
[0.236s] Level 1:colcon.colcon_core.package_identification:_identify(Stanley/St_Group_1) by extension 'ros'
[0.237s] DEBUG:colcon.colcon_core.package_identification:Package 'Stanley/St_Group_1' with type 'ros.ament_python' and name 'stanley_controller'
[0.237s] Level 1:colcon.colcon_core.package_identification:_identify(Stanley/St_Group_2) by extensions ['ignore', 'ignore_ament_install']
[0.237s] Level 1:colcon.colcon_core.package_identification:_identify(Stanley/St_Group_2) by extension 'ignore'
[0.237s] Level 1:colcon.colcon_core.package_identification:_identify(Stanley/St_Group_2) by extension 'ignore_ament_install'
[0.237s] Level 1:colcon.colcon_core.package_identification:_identify(Stanley/St_Group_2) by extensions ['colcon_pkg']
[0.237s] Level 1:colcon.colcon_core.package_identification:_identify(Stanley/St_Group_2) by extension 'colcon_pkg'
[0.237s] Level 1:colcon.colcon_core.package_identification:_identify(Stanley/St_Group_2) by extensions ['colcon_meta']
[0.237s] Level 1:colcon.colcon_core.package_identification:_identify(Stanley/St_Group_2) by extension 'colcon_meta'
[0.237s] Level 1:colcon.colcon_core.package_identification:_identify(Stanley/St_Group_2) by extensions ['ros']
[0.237s] Level 1:colcon.colcon_core.package_identification:_identify(Stanley/St_Group_2) by extension 'ros'
[0.237s] Level 1:colcon.colcon_core.package_identification:_identify(Stanley/St_Group_2) by extensions ['cmake', 'python']
[0.237s] Level 1:colcon.colcon_core.package_identification:_identify(Stanley/St_Group_2) by extension 'cmake'
[0.237s] Level 1:colcon.colcon_core.package_identification:_identify(Stanley/St_Group_2) by extension 'python'
[0.237s] Level 1:colcon.colcon_core.package_identification:_identify(Stanley/St_Group_2) by extensions ['python_setup_py']
[0.237s] Level 1:colcon.colcon_core.package_identification:_identify(Stanley/St_Group_2) by extension 'python_setup_py'
[0.237s] Level 1:colcon.colcon_core.package_identification:_identify(Stanley/St_Group_2/my_stanley_controller) by extensions ['ignore', 'ignore_ament_install']
[0.237s] Level 1:colcon.colcon_core.package_identification:_identify(Stanley/St_Group_2/my_stanley_controller) by extension 'ignore'
[0.237s] Level 1:colcon.colcon_core.package_identification:_identify(Stanley/St_Group_2/my_stanley_controller) by extension 'ignore_ament_install'
[0.237s] Level 1:colcon.colcon_core.package_identification:_identify(Stanley/St_Group_2/my_stanley_controller) by extensions ['colcon_pkg']
[0.237s] Level 1:colcon.colcon_core.package_identification:_identify(Stanley/St_Group_2/my_stanley_controller) by extension 'colcon_pkg'
[0.237s] Level 1:colcon.colcon_core.package_identification:_identify(Stanley/St_Group_2/my_stanley_controller) by extensions ['colcon_meta']
[0.237s] Level 1:colcon.colcon_core.package_identification:_identify(Stanley/St_Group_2/my_stanley_controller) by extension 'colcon_meta'
[0.237s] Level 1:colcon.colcon_core.package_identification:_identify(Stanley/St_Group_2/my_stanley_controller) by extensions ['ros']
[0.237s] Level 1:colcon.colcon_core.package_identification:_identify(Stanley/St_Group_2/my_stanley_controller) by extension 'ros'
[0.238s] DEBUG:colcon.colcon_core.package_identification:Package 'Stanley/St_Group_2/my_stanley_controller' with type 'ros.ament_python' and name 'my_stanley_controller'
[0.238s] Level 1:colcon.colcon_core.package_identification:_identify(Stanley/St_Group_2/stuff) by extensions ['ignore', 'ignore_ament_install']
[0.238s] Level 1:colcon.colcon_core.package_identification:_identify(Stanley/St_Group_2/stuff) by extension 'ignore'
[0.238s] Level 1:colcon.colcon_core.package_identification:_identify(Stanley/St_Group_2/stuff) by extension 'ignore_ament_install'
[0.238s] Level 1:colcon.colcon_core.package_identification:_identify(Stanley/St_Group_2/stuff) by extensions ['colcon_pkg']
[0.238s] Level 1:colcon.colcon_core.package_identification:_identify(Stanley/St_Group_2/stuff) by extension 'colcon_pkg'
[0.238s] Level 1:colcon.colcon_core.package_identification:_identify(Stanley/St_Group_2/stuff) by extensions ['colcon_meta']
[0.239s] Level 1:colcon.colcon_core.package_identification:_identify(Stanley/St_Group_2/stuff) by extension 'colcon_meta'
[0.239s] Level 1:colcon.colcon_core.package_identification:_identify(Stanley/St_Group_2/stuff) by extensions ['ros']
[0.239s] Level 1:colcon.colcon_core.package_identification:_identify(Stanley/St_Group_2/stuff) by extension 'ros'
[0.239s] Level 1:colcon.colcon_core.package_identification:_identify(Stanley/St_Group_2/stuff) by extensions ['cmake', 'python']
[0.239s] Level 1:colcon.colcon_core.package_identification:_identify(Stanley/St_Group_2/stuff) by extension 'cmake'
[0.239s] Level 1:colcon.colcon_core.package_identification:_identify(Stanley/St_Group_2/stuff) by extension 'python'
[0.239s] Level 1:colcon.colcon_core.package_identification:_identify(Stanley/St_Group_2/stuff) by extensions ['python_setup_py']
[0.239s] Level 1:colcon.colcon_core.package_identification:_identify(Stanley/St_Group_2/stuff) by extension 'python_setup_py'
[0.239s] Level 1:colcon.colcon_core.package_identification:_identify(Stanley/St_Group_2/waypoint_recorder) by extensions ['ignore', 'ignore_ament_install']
[0.239s] Level 1:colcon.colcon_core.package_identification:_identify(Stanley/St_Group_2/waypoint_recorder) by extension 'ignore'
[0.239s] Level 1:colcon.colcon_core.package_identification:_identify(Stanley/St_Group_2/waypoint_recorder) by extension 'ignore_ament_install'
[0.239s] Level 1:colcon.colcon_core.package_identification:_identify(Stanley/St_Group_2/waypoint_recorder) by extensions ['colcon_pkg']
[0.239s] Level 1:colcon.colcon_core.package_identification:_identify(Stanley/St_Group_2/waypoint_recorder) by extension 'colcon_pkg'
[0.239s] Level 1:colcon.colcon_core.package_identification:_identify(Stanley/St_Group_2/waypoint_recorder) by extensions ['colcon_meta']
[0.239s] Level 1:colcon.colcon_core.package_identification:_identify(Stanley/St_Group_2/waypoint_recorder) by extension 'colcon_meta'
[0.239s] Level 1:colcon.colcon_core.package_identification:_identify(Stanley/St_Group_2/waypoint_recorder) by extensions ['ros']
[0.239s] Level 1:colcon.colcon_core.package_identification:_identify(Stanley/St_Group_2/waypoint_recorder) by extension 'ros'
[0.240s] DEBUG:colcon.colcon_core.package_identification:Package 'Stanley/St_Group_2/waypoint_recorder' with type 'ros.ament_cmake' and name 'waypoint_recorder'
[0.240s] Level 1:colcon.colcon_core.package_identification:_identify(Stanley/St_Group_3) by extensions ['ignore', 'ignore_ament_install']
[0.240s] Level 1:colcon.colcon_core.package_identification:_identify(Stanley/St_Group_3) by extension 'ignore'
[0.240s] Level 1:colcon.colcon_core.package_identification:_identify(Stanley/St_Group_3) by extension 'ignore_ament_install'
[0.240s] Level 1:colcon.colcon_core.package_identification:_identify(Stanley/St_Group_3) by extensions ['colcon_pkg']
[0.240s] Level 1:colcon.colcon_core.package_identification:_identify(Stanley/St_Group_3) by extension 'colcon_pkg'
[0.240s] Level 1:colcon.colcon_core.package_identification:_identify(Stanley/St_Group_3) by extensions ['colcon_meta']
[0.240s] Level 1:colcon.colcon_core.package_identification:_identify(Stanley/St_Group_3) by extension 'colcon_meta'
[0.240s] Level 1:colcon.colcon_core.package_identification:_identify(Stanley/St_Group_3) by extensions ['ros']
[0.240s] Level 1:colcon.colcon_core.package_identification:_identify(Stanley/St_Group_3) by extension 'ros'
[0.241s] DEBUG:colcon.colcon_core.package_identification:Package 'Stanley/St_Group_3' with type 'ros.ament_python' and name 'f1tenth_stanley_controller'
[0.241s] Level 1:colcon.colcon_core.package_identification:_identify(build) by extensions ['ignore', 'ignore_ament_install']
[0.241s] Level 1:colcon.colcon_core.package_identification:_identify(build) by extension 'ignore'
[0.241s] Level 1:colcon.colcon_core.package_identification:_identify(build) ignored
[0.241s] Level 1:colcon.colcon_core.package_identification:_identify(install) by extensions ['ignore', 'ignore_ament_install']
[0.241s] Level 1:colcon.colcon_core.package_identification:_identify(install) by extension 'ignore'
[0.241s] Level 1:colcon.colcon_core.package_identification:_identify(install) ignored
[0.241s] Level 1:colcon.colcon_core.package_identification:_identify(log) by extensions ['ignore', 'ignore_ament_install']
[0.241s] Level 1:colcon.colcon_core.package_identification:_identify(log) by extension 'ignore'
[0.241s] Level 1:colcon.colcon_core.package_identification:_identify(log) ignored
[0.241s] Level 1:colcon.colcon_core.package_discovery:discover_packages(recursive) using defaults
[0.241s] Level 1:colcon.colcon_core.package_discovery:discover_packages(ignore) discover
[0.241s] Level 1:colcon.colcon_core.package_discovery:discover_packages(ignore) using defaults
[0.241s] Level 1:colcon.colcon_core.package_discovery:discover_packages(path) discover
[0.241s] Level 1:colcon.colcon_core.package_discovery:discover_packages(path) using defaults
[0.258s] ERROR:colcon:colcon build: Duplicate package names not supported:
- pure_pursuit:
  - Pure_Pursuit/PP_Group_1/f1tenth_lab6_template/pure_pursuit
  - Pure_Pursuit/PP_Group_2/pure_pursuit
  - Pure_Pursuit/PP_Group_3/pure_pursuit
